This file contains any messages produced by compilers while
running configure, to aid debugging if configure makes a mistake.

It was created by configure, which was
generated by GNU Autoconf 2.61.  Invocation command line was

  $ ./configure --host=arm-linux-androideabi

## --------- ##
## Platform. ##
## --------- ##

hostname = localhost
uname -m = armv7l
uname -r = 3.4.0-5652399
uname -s = Linux
uname -v = #1 SMP PREEMPT Fri Aug 21 14:42:38 KST 2015

/usr/bin/uname -p = unknown
/bin/uname -X     = unknown

/bin/arch              = unknown
/usr/bin/arch -k       = unknown
/usr/convex/getsysinfo = unknown
/usr/bin/hostinfo      = unknown
/bin/machine           = unknown
/usr/bin/oslevel       = unknown
/bin/universe          = unknown

PATH: /busybox-virtual
PATH: /data/data/com.n0n3m4.droidc/files/
PATH: /data/data/com.n0n3m4.droidc/files/gcc/bin
PATH: /data/data/com.n0n3m4.droidc/files/gcc/arm-linux-androideabi/bin/
PATH: /data/local/bin
PATH: /system/bin
PATH: /system/xbin


## ----------- ##
## Core tests. ##
## ----------- ##

configure:1609: checking whether make sets $(MAKE)
configure:1634: result: no
configure:1797: creating ./config.status

## ---------------------- ##
## Running config.status. ##
## ---------------------- ##

This file was extended by config.status, which was
generated by GNU Autoconf 2.61.  Invocation command line was

  CONFIG_FILES    = 
  CONFIG_HEADERS  = 
  CONFIG_LINKS    = 
  CONFIG_COMMANDS = 
  $ ./config.status 

on localhost

config.status:2446: creating Makefile
configure:2728: === configuring in lib (/storage/emulated/0/Download/gperf-3.0.4/gperf-3.0.4/gperf-3.0.4/lib)
configure:2831: running sh ./configure '--prefix=/usr/local'  '--host=arm-linux-androideabi' 'host_alias=arm-linux-androideabi' --cache-file=/dev/null --srcdir=.
configure:2728: === configuring in src (/storage/emulated/0/Download/gperf-3.0.4/gperf-3.0.4/gperf-3.0.4/src)
configure:2831: running sh ./configure '--prefix=/usr/local'  '--host=arm-linux-androideabi' 'host_alias=arm-linux-androideabi' --cache-file=/dev/null --srcdir=.
configure:2728: === configuring in tests (/storage/emulated/0/Download/gperf-3.0.4/gperf-3.0.4/gperf-3.0.4/tests)
configure:2831: running sh ./configure '--prefix=/usr/local'  '--host=arm-linux-androideabi' 'host_alias=arm-linux-androideabi' --cache-file=/dev/null --srcdir=.
configure:2728: === configuring in doc (/storage/emulated/0/Download/gperf-3.0.4/gperf-3.0.4/gperf-3.0.4/doc)
configure:2831: running sh ./configure '--prefix=/usr/local'  '--host=arm-linux-androideabi' 'host_alias=arm-linux-androideabi' --cache-file=/dev/null --srcdir=.

## ---------------- ##
## Cache variables. ##
## ---------------- ##

ac_cv_env_build_alias_set=''
ac_cv_env_build_alias_value=''
ac_cv_env_host_alias_set='set'
ac_cv_env_host_alias_value='arm-linux-androideabi'
ac_cv_env_target_alias_set=''
ac_cv_env_target_alias_value=''
ac_cv_prog_make_make_set='no'

## ----------------- ##
## Output variables. ##
## ----------------- ##

DEFS='-DPACKAGE_NAME=\"\" -DPACKAGE_TARNAME=\"\" -DPACKAGE_VERSION=\"\" -DPACKAGE_STRING=\"\" -DPACKAGE_BUGREPORT=\"\"'
ECHO_C='ECHO_N=''
ECHO_T=''
LIBOBJS=''
LIBS=''
LTLIBOBJS=''
PACKAGE_BUGREPORT=''
PACKAGE_NAME=''
PACKAGE_STRING=''
PACKAGE_TARNAME=''
PACKAGE_VERSION=''
PATH_SEPARATOR=':'
SET_MAKE='MAKE=make'
SHELL='sh'
bindir='${exec_prefix}/bin'
build_alias=''
datadir='${datarootdir}'
datarootdir='${prefix}/share'
docdir='${datarootdir}/doc/${PACKAGE}'
dvidir='${docdir}'
exec_prefix='${prefix}'
host_alias='arm-linux-androideabi'
htmldir='${docdir}'
includedir='${prefix}/include'
infodir='${datarootdir}/info'
libdir='${exec_prefix}/lib'
libexecdir='${exec_prefix}/libexec'
localedir='${datarootdir}/locale'
localstatedir='${prefix}/var'
mandir='${datarootdir}/man'
oldincludedir='/usr/include'
pdfdir='${docdir}'
prefix='/usr/local'
program_transform_name='s,x,x,'
psdir='${docdir}'
sbindir='${exec_prefix}/sbin'
sharedstatedir='${prefix}/com'
subdirs=' lib src tests doc'
sysconfdir='${prefix}/etc'
target_alias=''

## ----------- ##
## confdefs.h. ##
## ----------- ##

#define PACKAGE_NAME ""
#define PACKAGE_TARNAME ""
#define PACKAGE_VERSION ""
#define PACKAGE_STRING ""
#define PACKAGE_BUGREPORT ""

configure: exit 0
