This file contains any messages produced by compilers while
running configure, to aid debugging if configure makes a mistake.

It was created by configure, which was
generated by GNU Autoconf 2.61.  Invocation command line was

  $ ./configure --prefix=/usr/local --host=arm-linux-androideabi host_alias=arm-linux-androideabi --cache-file=/dev/null --srcdir=.

## --------- ##
## Platform. ##
## --------- ##

hostname = localhost
uname -m = armv7l
uname -r = 3.4.0-5652399
uname -s = Linux
uname -v = #1 SMP PREEMPT Fri Aug 21 14:42:38 KST 2015

/usr/bin/uname -p = unknown
/bin/uname -X     = unknown

/bin/arch              = unknown
/usr/bin/arch -k       = unknown
/usr/convex/getsysinfo = unknown
/usr/bin/hostinfo      = unknown
/bin/machine           = unknown
/usr/bin/oslevel       = unknown
/bin/universe          = unknown

PATH: /busybox-virtual
PATH: /data/data/com.n0n3m4.droidc/files/
PATH: /data/data/com.n0n3m4.droidc/files/gcc/bin
PATH: /data/data/com.n0n3m4.droidc/files/gcc/arm-linux-androideabi/bin/
PATH: /data/local/bin
PATH: /system/bin
PATH: /system/xbin


## ----------- ##
## Core tests. ##
## ----------- ##

configure:1650: checking whether make sets $(MAKE)
configure:1675: result: no
configure:1688: checking for arm-linux-androideabi-gcc
configure:1704: found /data/data/com.n0n3m4.droidc/files/gcc/bin/arm-linux-androideabi-gcc
configure:1715: result: arm-linux-androideabi-gcc
configure:1993: checking for C compiler version
configure:2000: arm-linux-androideabi-gcc --version >&5
arm-linux-androideabi-gcc (GCC) 5.3.0
Copyright (C) 2015 Free Software Foundation, Inc.
This is free software; see the source for copying conditions.  There is NO
warranty; not even for MERCHANTABILITY or FITNESS FOR A PARTICULAR PURPOSE.

configure:2003: $? = 0
configure:2010: arm-linux-androideabi-gcc -v >&5
Using built-in specs.
COLLECT_GCC=arm-linux-androideabi-gcc
Target: arm-linux-androideabi
Configured with: ../configure --host=arm-linux-gnueabi --target=arm-linux-androideabi --enable-static --disable-shared --enable-languages=c,c++ --enable-initfini-array --disable-lto --with-float=soft --with-fpu=vfp --with-arch=armv5te --disable-libquadmath --disable-multilib --disable-libgomp --disable-libmudflap --enable-target-optspace --enable-threads --disable-libatomic --disable-tls --disable-nls --disable-sjlj-exceptions --disable-libstdc++-v3 --disable-libsanitizer --disable-plugins --disable-libgcc --disable-libssp --disable-docs --disable-libitm --with-gnu-as --with-gnu-ld --prefix=/home/n0n3m4/Desktop/C4droid/prog/c4droid/OutDir --with-mpc=/home/n0n3m4/Desktop/C4droid/prog/c4droid/mpc --with-mpfr=/home/n0n3m4/Desktop/C4droid/prog/c4droid/mpfr --with-gmp=/home/n0n3m4/Desktop/C4droid/prog/c4droid/gmp
Thread model: posix
gcc version 5.3.0 (GCC) 
configure:2013: $? = 0
configure:2020: arm-linux-androideabi-gcc -V >&5
arm-linux-androideabi-gcc: error: unrecognized command line option '-V'
arm-linux-androideabi-gcc: fatal error: no input files
compilation terminated.
configure:2023: $? = 1
configure:2046: checking for C compiler default output file name
configure:2073: arm-linux-androideabi-gcc -Os -s -pie   conftest.c  >&5
configure:2076: $? = 0
configure:2114: result: a.out
configure:2131: checking whether the C compiler works
configure:2141: ./a.out
./a.out: line 1: syntax error: unexpected word (expecting ")")
configure:2144: $? = 2
configure:2161: result: yes
configure:2168: checking whether we are cross compiling
configure:2170: result: yes
configure:2173: checking for suffix of executables
configure:2180: arm-linux-androideabi-gcc -o conftest -Os -s -pie   conftest.c  >&5
configure:2183: $? = 0
configure:2207: result: 
configure:2213: checking for suffix of object files
configure:2239: arm-linux-androideabi-gcc -c -Os -s -pie  conftest.c >&5
configure:2242: $? = 0
configure:2265: result: o
configure:2269: checking whether we are using the GNU C compiler
configure:2298: arm-linux-androideabi-gcc -c -Os -s -pie  conftest.c >&5
configure:2304: $? = 0
configure:2321: result: yes
configure:2326: checking whether arm-linux-androideabi-gcc accepts -g
configure:2356: arm-linux-androideabi-gcc -c -g  conftest.c >&5
configure:2362: $? = 0
configure:2461: result: yes
configure:2478: checking for arm-linux-androideabi-gcc option to accept ISO C89
configure:2552: arm-linux-androideabi-gcc  -c -Os -s -pie  conftest.c >&5
configure:2558: $? = 0
configure:2581: result: none needed
configure:2604: checking how to run the C preprocessor
configure:2644: arm-linux-androideabi-gcc -E  conftest.c
configure:2650: $? = 0
configure:2681: arm-linux-androideabi-gcc -E  conftest.c
conftest.c:8:28: fatal error: ac_nonexistent.h: No such file or directory
compilation terminated.
configure:2687: $? = 1
configure: failed program was:
| /* confdefs.h.  */
| #define PACKAGE_NAME ""
| #define PACKAGE_TARNAME ""
| #define PACKAGE_VERSION ""
| #define PACKAGE_STRING ""
| #define PACKAGE_BUGREPORT ""
| /* end confdefs.h.  */
| #include <ac_nonexistent.h>
configure:2720: result: arm-linux-androideabi-gcc -E
configure:2749: arm-linux-androideabi-gcc -E  conftest.c
configure:2755: $? = 0
configure:2786: arm-linux-androideabi-gcc -E  conftest.c
conftest.c:8:28: fatal error: ac_nonexistent.h: No such file or directory
compilation terminated.
configure:2792: $? = 1
configure: failed program was:
| /* confdefs.h.  */
| #define PACKAGE_NAME ""
| #define PACKAGE_TARNAME ""
| #define PACKAGE_VERSION ""
| #define PACKAGE_STRING ""
| #define PACKAGE_BUGREPORT ""
| /* end confdefs.h.  */
| #include <ac_nonexistent.h>
configure:2843: checking for arm-linux-androideabi-g++
configure:2859: found /data/data/com.n0n3m4.droidc/files/gcc/bin/arm-linux-androideabi-g++
configure:2870: result: arm-linux-androideabi-g++
configure:2945: checking for C++ compiler version
configure:2952: arm-linux-androideabi-g++ --version >&5
arm-linux-androideabi-g++ (GCC) 5.3.0
Copyright (C) 2015 Free Software Foundation, Inc.
This is free software; see the source for copying conditions.  There is NO
warranty; not even for MERCHANTABILITY or FITNESS FOR A PARTICULAR PURPOSE.

configure:2955: $? = 0
configure:2962: arm-linux-androideabi-g++ -v >&5
Using built-in specs.
COLLECT_GCC=arm-linux-androideabi-g++
Target: arm-linux-androideabi
Configured with: ../configure --host=arm-linux-gnueabi --target=arm-linux-androideabi --enable-static --disable-shared --enable-languages=c,c++ --enable-initfini-array --disable-lto --with-float=soft --with-fpu=vfp --with-arch=armv5te --disable-libquadmath --disable-multilib --disable-libgomp --disable-libmudflap --enable-target-optspace --enable-threads --disable-libatomic --disable-tls --disable-nls --disable-sjlj-exceptions --disable-libstdc++-v3 --disable-libsanitizer --disable-plugins --disable-libgcc --disable-libssp --disable-docs --disable-libitm --with-gnu-as --with-gnu-ld --prefix=/home/n0n3m4/Desktop/C4droid/prog/c4droid/OutDir --with-mpc=/home/n0n3m4/Desktop/C4droid/prog/c4droid/mpc --with-mpfr=/home/n0n3m4/Desktop/C4droid/prog/c4droid/mpfr --with-gmp=/home/n0n3m4/Desktop/C4droid/prog/c4droid/gmp
Thread model: posix
gcc version 5.3.0 (GCC) 
configure:2965: $? = 0
configure:2972: arm-linux-androideabi-g++ -V >&5
arm-linux-androideabi-g++: error: unrecognized command line option '-V'
arm-linux-androideabi-g++: fatal error: no input files
compilation terminated.
configure:2975: $? = 1
configure:2978: checking whether we are using the GNU C++ compiler
configure:3007: arm-linux-androideabi-g++ -c -Os -s -pie  conftest.cpp >&5
configure:3013: $? = 0
configure:3030: result: yes
configure:3035: checking whether arm-linux-androideabi-g++ accepts -g
configure:3065: arm-linux-androideabi-g++ -c -g  conftest.cpp >&5
configure:3071: $? = 0
configure:3170: result: yes
configure:3198: checking how to run the C++ preprocessor
configure:3234: arm-linux-androideabi-g++ -E  conftest.cpp
configure:3240: $? = 0
configure:3271: arm-linux-androideabi-g++ -E  conftest.cpp
conftest.cpp:8:28: fatal error: ac_nonexistent.h: No such file or directory
compilation terminated.
configure:3277: $? = 1
configure: failed program was:
| /* confdefs.h.  */
| #define PACKAGE_NAME ""
| #define PACKAGE_TARNAME ""
| #define PACKAGE_VERSION ""
| #define PACKAGE_STRING ""
| #define PACKAGE_BUGREPORT ""
| /* end confdefs.h.  */
| #include <ac_nonexistent.h>
configure:3310: result: arm-linux-androideabi-g++ -E
configure:3339: arm-linux-androideabi-g++ -E  conftest.cpp
configure:3345: $? = 0
configure:3376: arm-linux-androideabi-g++ -E  conftest.cpp
conftest.cpp:8:28: fatal error: ac_nonexistent.h: No such file or directory
compilation terminated.
configure:3382: $? = 1
configure: failed program was:
| /* confdefs.h.  */
| #define PACKAGE_NAME ""
| #define PACKAGE_TARNAME ""
| #define PACKAGE_VERSION ""
| #define PACKAGE_STRING ""
| #define PACKAGE_BUGREPORT ""
| /* end confdefs.h.  */
| #include <ac_nonexistent.h>
configure:3422: checking for arm-linux-androideabi-ranlib
configure:3438: found /data/data/com.n0n3m4.droidc/files/gcc/bin/arm-linux-androideabi-ranlib
configure:3449: result: arm-linux-androideabi-ranlib
configure:3525: checking for a BSD compatible install
configure:3567: result: cp
configure:3711: creating ./config.status

## ---------------------- ##
## Running config.status. ##
## ---------------------- ##

This file was extended by config.status, which was
generated by GNU Autoconf 2.61.  Invocation command line was

  CONFIG_FILES    = 
  CONFIG_HEADERS  = 
  CONFIG_LINKS    = 
  CONFIG_COMMANDS = 
  $ ./config.status 

on localhost

config.status:4375: creating Makefile

## ---------------- ##
## Cache variables. ##
## ---------------- ##

ac_cv_c_compiler_gnu='yes'
ac_cv_cxx_compiler_gnu='yes'
ac_cv_env_CCC_set=''
ac_cv_env_CCC_value=''
ac_cv_env_CC_set=''
ac_cv_env_CC_value=''
ac_cv_env_CFLAGS_set='set'
ac_cv_env_CFLAGS_value='-Os -s -pie'
ac_cv_env_CPPFLAGS_set=''
ac_cv_env_CPPFLAGS_value=''
ac_cv_env_CPP_set=''
ac_cv_env_CPP_value=''
ac_cv_env_CXXCPP_set=''
ac_cv_env_CXXCPP_value=''
ac_cv_env_CXXFLAGS_set='set'
ac_cv_env_CXXFLAGS_value='-Os -s -pie'
ac_cv_env_CXX_set=''
ac_cv_env_CXX_value=''
ac_cv_env_LDFLAGS_set=''
ac_cv_env_LDFLAGS_value=''
ac_cv_env_LIBS_set=''
ac_cv_env_LIBS_value=''
ac_cv_env_build_alias_set=''
ac_cv_env_build_alias_value=''
ac_cv_env_host_alias_set='set'
ac_cv_env_host_alias_value='arm-linux-androideabi'
ac_cv_env_target_alias_set=''
ac_cv_env_target_alias_value=''
ac_cv_objext='o'
ac_cv_prog_CC='arm-linux-androideabi-gcc'
ac_cv_prog_CPP='arm-linux-androideabi-gcc -E'
ac_cv_prog_CXX='arm-linux-androideabi-g++'
ac_cv_prog_CXXCPP='arm-linux-androideabi-g++ -E'
ac_cv_prog_RANLIB='arm-linux-androideabi-ranlib'
ac_cv_prog_cc_c89=''
ac_cv_prog_cc_g='yes'
ac_cv_prog_cxx_g='yes'
ac_cv_prog_make_make_set='no'
cl_cv_path_install='cp'

## ----------------- ##
## Output variables. ##
## ----------------- ##

CC='arm-linux-androideabi-gcc'
CFLAGS='-Os -s -pie'
CPP='arm-linux-androideabi-gcc -E'
CPPFLAGS=''
CXX='arm-linux-androideabi-g++'
CXXCPP='arm-linux-androideabi-g++ -E'
CXXFLAGS='-Os -s -pie'
DEFS='-DPACKAGE_NAME=\"\" -DPACKAGE_TARNAME=\"\" -DPACKAGE_VERSION=\"\" -DPACKAGE_STRING=\"\" -DPACKAGE_BUGREPORT=\"\"'
ECHO_C='ECHO_N=''
ECHO_T=''
EXEEXT=''
INSTALL='cp'
INSTALL_DATA='$(INSTALL)'
INSTALL_PROGRAM='$(INSTALL)'
LDFLAGS=''
LIBOBJS=''
LIBS=''
LTLIBOBJS=''
OBJEXT='o'
PACKAGE_BUGREPORT=''
PACKAGE_NAME=''
PACKAGE_STRING=''
PACKAGE_TARNAME=''
PACKAGE_VERSION=''
PATH_SEPARATOR=':'
RANLIB='arm-linux-androideabi-ranlib'
SET_MAKE='MAKE=make'
SHELL='sh'
ac_ct_CC=''
ac_ct_CXX=''
bindir='${exec_prefix}/bin'
build_alias=''
datadir='${datarootdir}'
datarootdir='${prefix}/share'
docdir='${datarootdir}/doc/${PACKAGE}'
dvidir='${docdir}'
exec_prefix='${prefix}'
host_alias='arm-linux-androideabi'
htmldir='${docdir}'
includedir='${prefix}/include'
infodir='${datarootdir}/info'
libdir='${exec_prefix}/lib'
libexecdir='${exec_prefix}/libexec'
localedir='${datarootdir}/locale'
localstatedir='${prefix}/var'
mandir='${datarootdir}/man'
oldincludedir='/usr/include'
pdfdir='${docdir}'
prefix='/usr/local'
program_transform_name='s,x,x,'
psdir='${docdir}'
sbindir='${exec_prefix}/sbin'
sharedstatedir='${prefix}/com'
sysconfdir='${prefix}/etc'
target_alias=''

## ----------- ##
## confdefs.h. ##
## ----------- ##

#define PACKAGE_NAME ""
#define PACKAGE_TARNAME ""
#define PACKAGE_VERSION ""
#define PACKAGE_STRING ""
#define PACKAGE_BUGREPORT ""

configure: exit 0
