This file contains any messages produced by compilers while
running configure, to aid debugging if configure makes a mistake.

It was created by configure, which was
generated by GNU Autoconf 2.61.  Invocation command line was

  $ ./configure --prefix=/usr/local --host=arm-linux-androideabi host_alias=arm-linux-androideabi --cache-file=/dev/null --srcdir=.

## --------- ##
## Platform. ##
## --------- ##

hostname = localhost
uname -m = armv7l
uname -r = 3.4.0-5652399
uname -s = Linux
uname -v = #1 SMP PREEMPT Fri Aug 21 14:42:38 KST 2015

/usr/bin/uname -p = unknown
/bin/uname -X     = unknown

/bin/arch              = unknown
/usr/bin/arch -k       = unknown
/usr/convex/getsysinfo = unknown
/usr/bin/hostinfo      = unknown
/bin/machine           = unknown
/usr/bin/oslevel       = unknown
/bin/universe          = unknown

PATH: /busybox-virtual
PATH: /data/data/com.n0n3m4.droidc/files/
PATH: /data/data/com.n0n3m4.droidc/files/gcc/bin
PATH: /data/data/com.n0n3m4.droidc/files/gcc/arm-linux-androideabi/bin/
PATH: /data/local/bin
PATH: /system/bin
PATH: /system/xbin


## ----------- ##
## Core tests. ##
## ----------- ##

configure:1652: checking whether make sets $(MAKE)
configure:1677: result: no
configure:1690: checking for arm-linux-androideabi-gcc
configure:1706: found /data/data/com.n0n3m4.droidc/files/gcc/bin/arm-linux-androideabi-gcc
configure:1717: result: arm-linux-androideabi-gcc
configure:1995: checking for C compiler version
configure:2002: arm-linux-androideabi-gcc --version >&5
arm-linux-androideabi-gcc (GCC) 5.3.0
Copyright (C) 2015 Free Software Foundation, Inc.
This is free software; see the source for copying conditions.  There is NO
warranty; not even for MERCHANTABILITY or FITNESS FOR A PARTICULAR PURPOSE.

configure:2005: $? = 0
configure:2012: arm-linux-androideabi-gcc -v >&5
Using built-in specs.
COLLECT_GCC=arm-linux-androideabi-gcc
Target: arm-linux-androideabi
Configured with: ../configure --host=arm-linux-gnueabi --target=arm-linux-androideabi --enable-static --disable-shared --enable-languages=c,c++ --enable-initfini-array --disable-lto --with-float=soft --with-fpu=vfp --with-arch=armv5te --disable-libquadmath --disable-multilib --disable-libgomp --disable-libmudflap --enable-target-optspace --enable-threads --disable-libatomic --disable-tls --disable-nls --disable-sjlj-exceptions --disable-libstdc++-v3 --disable-libsanitizer --disable-plugins --disable-libgcc --disable-libssp --disable-docs --disable-libitm --with-gnu-as --with-gnu-ld --prefix=/home/n0n3m4/Desktop/C4droid/prog/c4droid/OutDir --with-mpc=/home/n0n3m4/Desktop/C4droid/prog/c4droid/mpc --with-mpfr=/home/n0n3m4/Desktop/C4droid/prog/c4droid/mpfr --with-gmp=/home/n0n3m4/Desktop/C4droid/prog/c4droid/gmp
Thread model: posix
gcc version 5.3.0 (GCC) 
configure:2015: $? = 0
configure:2022: arm-linux-androideabi-gcc -V >&5
arm-linux-androideabi-gcc: error: unrecognized command line option '-V'
arm-linux-androideabi-gcc: fatal error: no input files
compilation terminated.
configure:2025: $? = 1
configure:2048: checking for C compiler default output file name
configure:2075: arm-linux-androideabi-gcc -Os -s -pie   conftest.c  >&5
configure:2078: $? = 0
configure:2116: result: a.out
configure:2133: checking whether the C compiler works
configure:2143: ./a.out
./a.out: line 1: syntax error: unexpected word (expecting ")")
configure:2146: $? = 2
configure:2163: result: yes
configure:2170: checking whether we are cross compiling
configure:2172: result: yes
configure:2175: checking for suffix of executables
configure:2182: arm-linux-androideabi-gcc -o conftest -Os -s -pie   conftest.c  >&5
configure:2185: $? = 0
configure:2209: result: 
configure:2215: checking for suffix of object files
configure:2241: arm-linux-androideabi-gcc -c -Os -s -pie  conftest.c >&5
configure:2244: $? = 0
configure:2267: result: o
configure:2271: checking whether we are using the GNU C compiler
configure:2300: arm-linux-androideabi-gcc -c -Os -s -pie  conftest.c >&5
configure:2306: $? = 0
configure:2323: result: yes
configure:2328: checking whether arm-linux-androideabi-gcc accepts -g
configure:2358: arm-linux-androideabi-gcc -c -g  conftest.c >&5
configure:2364: $? = 0
configure:2463: result: yes
configure:2480: checking for arm-linux-androideabi-gcc option to accept ISO C89
configure:2554: arm-linux-androideabi-gcc  -c -Os -s -pie  conftest.c >&5
configure:2560: $? = 0
configure:2583: result: none needed
configure:2606: checking how to run the C preprocessor
configure:2646: arm-linux-androideabi-gcc -E  conftest.c
configure:2652: $? = 0
configure:2683: arm-linux-androideabi-gcc -E  conftest.c
conftest.c:8:28: fatal error: ac_nonexistent.h: No such file or directory
compilation terminated.
configure:2689: $? = 1
configure: failed program was:
| /* confdefs.h.  */
| #define PACKAGE_NAME ""
| #define PACKAGE_TARNAME ""
| #define PACKAGE_VERSION ""
| #define PACKAGE_STRING ""
| #define PACKAGE_BUGREPORT ""
| /* end confdefs.h.  */
| #include <ac_nonexistent.h>
configure:2722: result: arm-linux-androideabi-gcc -E
configure:2751: arm-linux-androideabi-gcc -E  conftest.c
configure:2757: $? = 0
configure:2788: arm-linux-androideabi-gcc -E  conftest.c
conftest.c:8:28: fatal error: ac_nonexistent.h: No such file or directory
compilation terminated.
configure:2794: $? = 1
configure: failed program was:
| /* confdefs.h.  */
| #define PACKAGE_NAME ""
| #define PACKAGE_TARNAME ""
| #define PACKAGE_VERSION ""
| #define PACKAGE_STRING ""
| #define PACKAGE_BUGREPORT ""
| /* end confdefs.h.  */
| #include <ac_nonexistent.h>
configure:2845: checking for arm-linux-androideabi-g++
configure:2861: found /data/data/com.n0n3m4.droidc/files/gcc/bin/arm-linux-androideabi-g++
configure:2872: result: arm-linux-androideabi-g++
configure:2947: checking for C++ compiler version
configure:2954: arm-linux-androideabi-g++ --version >&5
arm-linux-androideabi-g++ (GCC) 5.3.0
Copyright (C) 2015 Free Software Foundation, Inc.
This is free software; see the source for copying conditions.  There is NO
warranty; not even for MERCHANTABILITY or FITNESS FOR A PARTICULAR PURPOSE.

configure:2957: $? = 0
configure:2964: arm-linux-androideabi-g++ -v >&5
Using built-in specs.
COLLECT_GCC=arm-linux-androideabi-g++
Target: arm-linux-androideabi
Configured with: ../configure --host=arm-linux-gnueabi --target=arm-linux-androideabi --enable-static --disable-shared --enable-languages=c,c++ --enable-initfini-array --disable-lto --with-float=soft --with-fpu=vfp --with-arch=armv5te --disable-libquadmath --disable-multilib --disable-libgomp --disable-libmudflap --enable-target-optspace --enable-threads --disable-libatomic --disable-tls --disable-nls --disable-sjlj-exceptions --disable-libstdc++-v3 --disable-libsanitizer --disable-plugins --disable-libgcc --disable-libssp --disable-docs --disable-libitm --with-gnu-as --with-gnu-ld --prefix=/home/n0n3m4/Desktop/C4droid/prog/c4droid/OutDir --with-mpc=/home/n0n3m4/Desktop/C4droid/prog/c4droid/mpc --with-mpfr=/home/n0n3m4/Desktop/C4droid/prog/c4droid/mpfr --with-gmp=/home/n0n3m4/Desktop/C4droid/prog/c4droid/gmp
Thread model: posix
gcc version 5.3.0 (GCC) 
configure:2967: $? = 0
configure:2974: arm-linux-androideabi-g++ -V >&5
arm-linux-androideabi-g++: error: unrecognized command line option '-V'
arm-linux-androideabi-g++: fatal error: no input files
compilation terminated.
configure:2977: $? = 1
configure:2980: checking whether we are using the GNU C++ compiler
configure:3009: arm-linux-androideabi-g++ -c -Os -s -pie  conftest.cpp >&5
configure:3015: $? = 0
configure:3032: result: yes
configure:3037: checking whether arm-linux-androideabi-g++ accepts -g
configure:3067: arm-linux-androideabi-g++ -c -g  conftest.cpp >&5
configure:3073: $? = 0
configure:3172: result: yes
configure:3200: checking how to run the C++ preprocessor
configure:3236: arm-linux-androideabi-g++ -E  conftest.cpp
configure:3242: $? = 0
configure:3273: arm-linux-androideabi-g++ -E  conftest.cpp
conftest.cpp:8:28: fatal error: ac_nonexistent.h: No such file or directory
compilation terminated.
configure:3279: $? = 1
configure: failed program was:
| /* confdefs.h.  */
| #define PACKAGE_NAME ""
| #define PACKAGE_TARNAME ""
| #define PACKAGE_VERSION ""
| #define PACKAGE_STRING ""
| #define PACKAGE_BUGREPORT ""
| /* end confdefs.h.  */
| #include <ac_nonexistent.h>
configure:3312: result: arm-linux-androideabi-g++ -E
configure:3341: arm-linux-androideabi-g++ -E  conftest.cpp
configure:3347: $? = 0
configure:3378: arm-linux-androideabi-g++ -E  conftest.cpp
conftest.cpp:8:28: fatal error: ac_nonexistent.h: No such file or directory
compilation terminated.
configure:3384: $? = 1
configure: failed program was:
| /* confdefs.h.  */
| #define PACKAGE_NAME ""
| #define PACKAGE_TARNAME ""
| #define PACKAGE_VERSION ""
| #define PACKAGE_STRING ""
| #define PACKAGE_BUGREPORT ""
| /* end confdefs.h.  */
| #include <ac_nonexistent.h>
configure:3431: checking for a BSD compatible install
configure:3473: result: cp
configure:3485: checking for stack-allocated variable-size arrays
configure:3520: arm-linux-androideabi-g++ -c -Os -s -pie  conftest.cpp >&5
configure:3526: $? = 0
configure:3549: result: yes
configure:3559: checking for rand in -lm
configure:3594: arm-linux-androideabi-gcc -o conftest -Os -s -pie   conftest.c -lm   >&5
/data/data/com.n0n3m4.droidc/files/gcc/arm-linux-androideabi/tmp/ccoULDqY.o: In function `main':
conftest.c:(.text.startup+0x4): undefined reference to `rand'
collect2: error: ld returned 1 exit status
configure:3600: $? = 1
configure: failed program was:
| /* confdefs.h.  */
| #define PACKAGE_NAME ""
| #define PACKAGE_TARNAME ""
| #define PACKAGE_VERSION ""
| #define PACKAGE_STRING ""
| #define PACKAGE_BUGREPORT ""
| #define HAVE_DYNAMIC_ARRAY 1
| /* end confdefs.h.  */
| 
| /* Override any GCC internal prototype to avoid an error.
|    Use char because int might match the return type of a GCC
|    builtin and then its argument prototype would still apply.  */
| #ifdef __cplusplus
| extern "C"
| #endif
| char rand ();
| int
| main ()
| {
| return rand ();
|   ;
|   return 0;
| }
configure:3618: result: no
configure:3729: creating ./config.status

## ---------------------- ##
## Running config.status. ##
## ---------------------- ##

This file was extended by config.status, which was
generated by GNU Autoconf 2.61.  Invocation command line was

  CONFIG_FILES    = 
  CONFIG_HEADERS  = 
  CONFIG_LINKS    = 
  CONFIG_COMMANDS = 
  $ ./config.status 

on localhost

config.status:4410: creating Makefile
config.status:4410: creating config.h

## ---------------- ##
## Cache variables. ##
## ---------------- ##

ac_cv_c_compiler_gnu='yes'
ac_cv_cxx_compiler_gnu='yes'
ac_cv_env_CCC_set=''
ac_cv_env_CCC_value=''
ac_cv_env_CC_set=''
ac_cv_env_CC_value=''
ac_cv_env_CFLAGS_set='set'
ac_cv_env_CFLAGS_value='-Os -s -pie'
ac_cv_env_CPPFLAGS_set=''
ac_cv_env_CPPFLAGS_value=''
ac_cv_env_CPP_set=''
ac_cv_env_CPP_value=''
ac_cv_env_CXXCPP_set=''
ac_cv_env_CXXCPP_value=''
ac_cv_env_CXXFLAGS_set='set'
ac_cv_env_CXXFLAGS_value='-Os -s -pie'
ac_cv_env_CXX_set=''
ac_cv_env_CXX_value=''
ac_cv_env_LDFLAGS_set=''
ac_cv_env_LDFLAGS_value=''
ac_cv_env_LIBS_set=''
ac_cv_env_LIBS_value=''
ac_cv_env_build_alias_set=''
ac_cv_env_build_alias_value=''
ac_cv_env_host_alias_set='set'
ac_cv_env_host_alias_value='arm-linux-androideabi'
ac_cv_env_target_alias_set=''
ac_cv_env_target_alias_value=''
ac_cv_lib_m_rand='no'
ac_cv_objext='o'
ac_cv_prog_CC='arm-linux-androideabi-gcc'
ac_cv_prog_CPP='arm-linux-androideabi-gcc -E'
ac_cv_prog_CXX='arm-linux-androideabi-g++'
ac_cv_prog_CXXCPP='arm-linux-androideabi-g++ -E'
ac_cv_prog_cc_c89=''
ac_cv_prog_cc_g='yes'
ac_cv_prog_cxx_g='yes'
ac_cv_prog_make_make_set='no'
cl_cv_path_install='cp'
gp_cv_cxx_dynamic_array='yes'

## ----------------- ##
## Output variables. ##
## ----------------- ##

CC='arm-linux-androideabi-gcc'
CFLAGS='-Os -s -pie'
CPP='arm-linux-androideabi-gcc -E'
CPPFLAGS=''
CXX='arm-linux-androideabi-g++'
CXXCPP='arm-linux-androideabi-g++ -E'
CXXFLAGS='-Os -s -pie'
DEFS='-DHAVE_CONFIG_H'
ECHO_C='ECHO_N=''
ECHO_T=''
EXEEXT=''
GPERF_LIBM=''
INSTALL='cp'
INSTALL_DATA='$(INSTALL)'
INSTALL_PROGRAM='$(INSTALL)'
LDFLAGS=''
LIBOBJS=''
LIBS=''
LTLIBOBJS=''
OBJEXT='o'
PACKAGE_BUGREPORT=''
PACKAGE_NAME=''
PACKAGE_STRING=''
PACKAGE_TARNAME=''
PACKAGE_VERSION=''
PATH_SEPARATOR=':'
SET_MAKE='MAKE=make'
SHELL='sh'
ac_ct_CC=''
ac_ct_CXX=''
bindir='${exec_prefix}/bin'
build_alias=''
datadir='${datarootdir}'
datarootdir='${prefix}/share'
docdir='${datarootdir}/doc/${PACKAGE}'
dvidir='${docdir}'
exec_prefix='${prefix}'
host_alias='arm-linux-androideabi'
htmldir='${docdir}'
includedir='${prefix}/include'
infodir='${datarootdir}/info'
libdir='${exec_prefix}/lib'
libexecdir='${exec_prefix}/libexec'
localedir='${datarootdir}/locale'
localstatedir='${prefix}/var'
mandir='${datarootdir}/man'
oldincludedir='/usr/include'
pdfdir='${docdir}'
prefix='/usr/local'
program_transform_name='s,x,x,'
psdir='${docdir}'
sbindir='${exec_prefix}/sbin'
sharedstatedir='${prefix}/com'
sysconfdir='${prefix}/etc'
target_alias=''

## ----------- ##
## confdefs.h. ##
## ----------- ##

#define PACKAGE_NAME ""
#define PACKAGE_TARNAME ""
#define PACKAGE_VERSION ""
#define PACKAGE_STRING ""
#define PACKAGE_BUGREPORT ""
#define HAVE_DYNAMIC_ARRAY 1

configure: exit 0
